<?xml version="1.0" encoding="UTF-8"?>
<!-- Generated by org.testng.reporters.JUnitReportReporter -->
<testsuite hostname="WKMIN3100755" failures="0" tests="1" name="TestAPI.GetAPITest" time="2.081" errors="0" timestamp="01 Jun 2019 14:21:02 GMT" skipped="0">
  <testcase classname="TestAPI.GetAPITest" name="GetAPITest" time="2.081"/>
</testsuite> <!-- TestAPI.GetAPITest -->
